app/build/outputs/logs/manifest-merger-debug-report.txt
-- Merging decision tree log ---
manifest
ADDED from src/main/AndroidManifest.xml:16:1-79:12
	package
		ADDED from src/main/AndroidManifest.xml:17:5-42
		INJECTED from src/main/AndroidManifest.xml
		INJECTED from src/main/AndroidManifest.xml
	android:versionName
		ADDED from src/main/AndroidManifest.xml:19:5-30
		INJECTED from src/main/AndroidManifest.xml
		INJECTED from src/main/AndroidManifest.xml
	android:versionCode
		ADDED from src/main/AndroidManifest.xml:18:5-28
		INJECTED from src/main/AndroidManifest.xml
		INJECTED from src/main/AndroidManifest.xml
	xmlns:android
		ADDED from src/main/AndroidManifest.xml:16:11-69
uses-sdk
ADDED from src/main/AndroidManifest.xml:21:5-23:41
MERGED from [com.android.support:appcompat-v7:18.0.0] AndroidManifest.xml:18:5-42
	android:targetSdkVersion
		ADDED from src/main/AndroidManifest.xml:23:9-38
		INJECTED from src/main/AndroidManifest.xml
		INJECTED from src/main/AndroidManifest.xml
	android:minSdkVersion
		ADDED from src/main/AndroidManifest.xml:22:9-35
		INJECTED from src/main/AndroidManifest.xml
		INJECTED from src/main/AndroidManifest.xml
uses-permission#android.permission.INTERNET
ADDED from src/main/AndroidManifest.xml:25:5-67
	android:name
		ADDED from src/main/AndroidManifest.xml:25:22-64
uses-permission#android.permission.WIFI
ADDED from src/main/AndroidManifest.xml:26:5-63
	android:name
		ADDED from src/main/AndroidManifest.xml:26:22-60
uses-permission#android.permission.WRITE_EXTERNAL_STORAGE
ADDED from src/main/AndroidManifest.xml:27:5-81
	android:name
		ADDED from src/main/AndroidManifest.xml:27:22-78
android:uses-permission#android.permission.READ_PHONE_STATE
ADDED from src/main/AndroidManifest.xml:29:5-83
	android:name
		ADDED from src/main/AndroidManifest.xml:29:30-80
android:uses-permission#android.permission.READ_EXTERNAL_STORAGE
ADDED from src/main/AndroidManifest.xml:30:5-88
	android:name
		ADDED from src/main/AndroidManifest.xml:30:30-85
application
ADDED from src/main/AndroidManifest.xml:32:5-77:19
MERGED from [com.android.support:appcompat-v7:18.0.0] AndroidManifest.xml:19:5-20
	android:label
		ADDED from src/main/AndroidManifest.xml:34:9-41
	android:icon
		ADDED from src/main/AndroidManifest.xml:33:9-45
activity#edu.stevens.cs522.multipane.activity.MainActivity
ADDED from src/main/AndroidManifest.xml:35:9-38:48
	android:label
		ADDED from src/main/AndroidManifest.xml:38:13-45
	android:configChanges
		ADDED from src/main/AndroidManifest.xml:37:13-59
	android:name
		ADDED from src/main/AndroidManifest.xml:36:13-50
activity#edu.stevens.cs522.multipane.activity.Settings
ADDED from src/main/AndroidManifest.xml:39:9-46:20
	android:label
		ADDED from src/main/AndroidManifest.xml:41:13-60
	android:name
		ADDED from src/main/AndroidManifest.xml:40:13-46
intent-filter#android.intent.action.MAIN+android.intent.category.LAUNCHER
ADDED from src/main/AndroidManifest.xml:42:13-45:29
action#android.intent.action.MAIN
ADDED from src/main/AndroidManifest.xml:43:17-69
	android:name
		ADDED from src/main/AndroidManifest.xml:43:25-66
category#android.intent.category.LAUNCHER
ADDED from src/main/AndroidManifest.xml:44:17-77
	android:name
		ADDED from src/main/AndroidManifest.xml:44:27-74
activity#edu.stevens.cs522.multipane.activity.FragmentLayout
ADDED from src/main/AndroidManifest.xml:48:9-50:48
	android:label
		ADDED from src/main/AndroidManifest.xml:50:13-45
	android:name
		ADDED from src/main/AndroidManifest.xml:49:13-52
activity#edu.stevens.cs522.multipane.activity.FragmentLayout$DetailsActivity
ADDED from src/main/AndroidManifest.xml:51:9-53:48
	android:label
		ADDED from src/main/AndroidManifest.xml:53:13-45
	android:name
		ADDED from src/main/AndroidManifest.xml:52:13-68
activity#edu.stevens.cs522.multipane.activity.PeersActivity
ADDED from src/main/AndroidManifest.xml:55:9-60
	android:name
		ADDED from src/main/AndroidManifest.xml:55:19-57
activity#edu.stevens.cs522.multipane.activity.PeersFragment
ADDED from src/main/AndroidManifest.xml:57:9-58:47
	android:label
		ADDED from src/main/AndroidManifest.xml:58:13-45
	android:name
		ADDED from src/main/AndroidManifest.xml:57:19-57
activity#edu.stevens.cs522.multipane.activity.PeersFragment$DetailsActivity
ADDED from src/main/AndroidManifest.xml:59:9-60:48
	android:label
		ADDED from src/main/AndroidManifest.xml:60:13-45
	android:name
		ADDED from src/main/AndroidManifest.xml:59:19-73
provider#edu.stevens.cs522.multipane.provider.MessageProviderCloud
ADDED from src/main/AndroidManifest.xml:62:9-65:40
	android:authorities
		ADDED from src/main/AndroidManifest.xml:64:13-51
	android:exported
		ADDED from src/main/AndroidManifest.xml:65:13-37
	android:name
		ADDED from src/main/AndroidManifest.xml:63:13-58
service#edu.stevens.cs522.multipane.service.RequestService
ADDED from src/main/AndroidManifest.xml:67:9-73:19
	android:exported
		ADDED from src/main/AndroidManifest.xml:69:13-37
	android:name
		ADDED from src/main/AndroidManifest.xml:68:13-51
intent-filter#edu.stevens.cs522.multipane.register
ADDED from src/main/AndroidManifest.xml:70:13-72:29
action#edu.stevens.cs522.multipane.register
ADDED from src/main/AndroidManifest.xml:71:17-79
	android:name
		ADDED from src/main/AndroidManifest.xml:71:25-76
receiver#edu.stevens.cs522.multipane.service.AlarmReceiver
ADDED from src/main/AndroidManifest.xml:75:9-59
	android:name
		ADDED from src/main/AndroidManifest.xml:75:19-56